c:\users\batti\documents\sae\sfge\sfge\build\sfge_common.dir\debug\sfge_common.pdb
c:\users\batti\documents\sae\sfge\sfge\build\sfge_common.dir\debug\python_engine.obj
c:\users\batti\documents\sae\sfge\sfge\build\sfge_common.dir\debug\pycomponent.obj
c:\users\batti\documents\sae\sfge\sfge\build\sfge_common.dir\debug\collider.obj
c:\users\batti\documents\sae\sfge\sfge\build\sfge_common.dir\debug\physics.obj
c:\users\batti\documents\sae\sfge\sfge\build\sfge_common.dir\debug\body2d.obj
c:\users\batti\documents\sae\sfge\sfge\build\sfge_common.dir\debug\input.obj
c:\users\batti\documents\sae\sfge\sfge\build\sfge_common.dir\debug\texture.obj
c:\users\batti\documents\sae\sfge\sfge\build\sfge_common.dir\debug\sprite.obj
c:\users\batti\documents\sae\sfge\sfge\build\sfge_common.dir\debug\shape.obj
c:\users\batti\documents\sae\sfge\sfge\build\sfge_common.dir\debug\graphics.obj
c:\users\batti\documents\sae\sfge\sfge\build\sfge_common.dir\debug\transform.obj
c:\users\batti\documents\sae\sfge\sfge\build\sfge_common.dir\debug\scene.obj
c:\users\batti\documents\sae\sfge\sfge\build\sfge_common.dir\debug\log.obj
c:\users\batti\documents\sae\sfge\sfge\build\sfge_common.dir\debug\game_object.obj
c:\users\batti\documents\sae\sfge\sfge\build\sfge_common.dir\debug\engine.obj
c:\users\batti\documents\sae\sfge\sfge\build\sfge_common.dir\debug\editor.obj
c:\users\batti\documents\sae\sfge\sfge\build\sfge_common.dir\debug\config.obj
c:\users\batti\documents\sae\sfge\sfge\build\sfge_common.dir\debug\component.obj
c:\users\batti\documents\sae\sfge\sfge\build\sfge_common.dir\debug\sound.obj
c:\users\batti\documents\sae\sfge\sfge\build\sfge_common.dir\debug\audio.obj
c:\users\batti\documents\sae\sfge\sfge\build\sfge_common.dir\debug\time_utility.obj
c:\users\batti\documents\sae\sfge\sfge\build\sfge_common.dir\debug\singleton.obj
c:\users\batti\documents\sae\sfge\sfge\build\sfge_common.dir\debug\python_utility.obj
c:\users\batti\documents\sae\sfge\sfge\build\sfge_common.dir\debug\json_utility.obj
c:\users\batti\documents\sae\sfge\sfge\build\sfge_common.dir\debug\file_utility.obj
c:\users\batti\documents\sae\sfge\sfge\build\cmakefiles\generate.stamp
c:\users\batti\documents\sae\sfge\sfge\build\debug\sfge_common.lib
c:\users\batti\documents\sae\sfge\sfge\build\debug\sfge_common.pdb
c:\users\batti\documents\sae\sfge\sfge\build\sfge_common.dir\debug\sfge_common.tlog\cl.command.1.tlog
c:\users\batti\documents\sae\sfge\sfge\build\sfge_common.dir\debug\sfge_common.tlog\cl.read.1.tlog
c:\users\batti\documents\sae\sfge\sfge\build\sfge_common.dir\debug\sfge_common.tlog\cl.write.1.tlog
c:\users\batti\documents\sae\sfge\sfge\build\sfge_common.dir\debug\sfge_common.tlog\custombuild.command.1.tlog
c:\users\batti\documents\sae\sfge\sfge\build\sfge_common.dir\debug\sfge_common.tlog\custombuild.read.1.tlog
c:\users\batti\documents\sae\sfge\sfge\build\sfge_common.dir\debug\sfge_common.tlog\custombuild.write.1.tlog
c:\users\batti\documents\sae\sfge\sfge\build\sfge_common.dir\debug\sfge_common.tlog\lib-link.read.1.tlog
c:\users\batti\documents\sae\sfge\sfge\build\sfge_common.dir\debug\sfge_common.tlog\lib-link.write.1.tlog
c:\users\batti\documents\sae\sfge\sfge\build\sfge_common.dir\debug\sfge_common.tlog\lib.command.1.tlog
